This is pdfTeX, Version 3.1415926-2.5-1.40.14 (MiKTeX 2.9) (preloaded format=pdflatex 2014.11.20)  24 FEB 2017 04:08
entering extended mode
**template.tex
("C:\Users\safeeul\Google Drive\Thesis\FinalWritings\style_sheets\template.tex"
LaTeX2e <2011/06/27>
Babel <v3.8m> and hyphenation patterns for english, afrikaans, ancientgreek, ar
abic, armenian, assamese, basque, bengali, bokmal, bulgarian, catalan, coptic, 
croatian, czech, danish, dutch, esperanto, estonian, farsi, finnish, french, ga
lician, german, german-x-2013-05-26, greek, gujarati, hindi, hungarian, iceland
ic, indonesian, interlingua, irish, italian, kannada, kurmanji, latin, latvian,
 lithuanian, malayalam, marathi, mongolian, mongolianlmc, monogreek, ngerman, n
german-x-2013-05-26, nynorsk, oriya, panjabi, pinyin, polish, portuguese, roman
ian, russian, sanskrit, serbian, slovak, slovenian, spanish, swedish, swissgerm
an, tamil, telugu, turkish, turkmen, ukenglish, ukrainian, uppersorbian, usengl
ishmax, welsh, loaded.

("C:\Users\safeeul\Google Drive\Thesis\FinalWritings\style_sheets\unmeethesis.c
ls"
Document Class: unmeethesis 1995/10/31 UNM EECE dissertation class-mod 03/27/02

("C:\Program Files (x86)\MiKTeX 2.9\tex\latex\base\fleqn.clo"
File: fleqn.clo 1998/08/17 v1.1c Standard LaTeX option (flush left equations)
\mathindent=\dimen102
)
("C:\Users\safeeul\Google Drive\Thesis\FinalWritings\style_sheets\unm12.clo"
File: unm12.clo 1995/07/26 Standard UNM file (size option)-mod 09/17/01
)
\@chosenpointsize=\skip41
\@scaledpointsize=\skip42
\@fancybox=\box26
\do@VerbBox=\toks14
\@temptextheight=\skip43
\@temptextwidth=\skip44
\@temptopmargin=\skip45
\@tempheadheight=\skip46
\@tempheadsep=\skip47
\@tempfootskip=\skip48
\c@part=\count79
\c@chapter=\count80
\c@section=\count81
\c@subsection=\count82
\c@subsubsection=\count83
\c@paragraph=\count84
\c@subparagraph=\count85
\c@figure=\count86
\c@table=\count87
\abovecaptionskip=\skip49
\belowcaptionskip=\skip50
\bibindent=\dimen103
)
("C:\Program Files (x86)\MiKTeX 2.9\tex\latex\graphics\graphicx.sty"
Package: graphicx 1999/02/16 v1.0f Enhanced LaTeX Graphics (DPC,SPQR)

("C:\Program Files (x86)\MiKTeX 2.9\tex\latex\graphics\keyval.sty"
Package: keyval 1999/03/16 v1.13 key=value parser (DPC)
\KV@toks@=\toks15
)
("C:\Program Files (x86)\MiKTeX 2.9\tex\latex\graphics\graphics.sty"
Package: graphics 2009/02/05 v1.0o Standard LaTeX Graphics (DPC,SPQR)

("C:\Program Files (x86)\MiKTeX 2.9\tex\latex\graphics\trig.sty"
Package: trig 1999/03/16 v1.09 sin cos tan (DPC)
)
("C:\Program Files (x86)\MiKTeX 2.9\tex\latex\00miktex\graphics.cfg"
File: graphics.cfg 2007/01/18 v1.5 graphics configuration of teTeX/TeXLive
)
Package graphics Info: Driver file: pdftex.def on input line 91.

("C:\Program Files (x86)\MiKTeX 2.9\tex\latex\pdftex-def\pdftex.def"
File: pdftex.def 2011/05/27 v0.06d Graphics/color for pdfTeX

("C:\Program Files (x86)\MiKTeX 2.9\tex\generic\oberdiek\infwarerr.sty"
Package: infwarerr 2010/04/08 v1.3 Providing info/warning/error messages (HO)
)
("C:\Program Files (x86)\MiKTeX 2.9\tex\generic\oberdiek\ltxcmds.sty"
Package: ltxcmds 2011/11/09 v1.22 LaTeX kernel commands for general use (HO)
)
\Gread@gobject=\count88
))
\Gin@req@height=\dimen104
\Gin@req@width=\dimen105
)
("C:\Program Files (x86)\MiKTeX 2.9\tex\latex\caption\caption.sty"
Package: caption 2013/05/02 v3.3-89 Customizing captions (AR)

("C:\Program Files (x86)\MiKTeX 2.9\tex\latex\caption\caption3.sty"
Package: caption3 2013/05/02 v1.6-88 caption3 kernel (AR)
Package caption3 Info: TeX engine: e-TeX on input line 57.
\captionmargin=\dimen106
\captionmargin@=\dimen107
\captionwidth=\dimen108
\caption@tempdima=\dimen109
\caption@indent=\dimen110
\caption@parindent=\dimen111
\caption@hangindent=\dimen112
)
\c@ContinuedFloat=\count89
)
("C:\Program Files (x86)\MiKTeX 2.9\tex\latex\algorithms\algorithm.sty"
Package: algorithm 2009/08/24 v0.1 Document Style `algorithm' - floating enviro
nment

("C:\Program Files (x86)\MiKTeX 2.9\tex\latex\float\float.sty"
Package: float 2001/11/08 v1.3d Float enhancements (AL)
\c@float@type=\count90
\float@exts=\toks16
\float@box=\box27
\@float@everytoks=\toks17
\@floatcapt=\box28
)
("C:\Program Files (x86)\MiKTeX 2.9\tex\latex\base\ifthen.sty"
Package: ifthen 2001/05/26 v1.1c Standard LaTeX ifthen package (DPC)
)
\@float@every@algorithm=\toks18
\c@algorithm=\count91
)
("C:\Program Files (x86)\MiKTeX 2.9\tex\latex\caption\subcaption.sty"
Package: subcaption 2013/02/03 v1.1-62 Sub-captions (AR)
\c@subfigure=\count92
\c@subtable=\count93
)
("C:\Program Files (x86)\MiKTeX 2.9\tex\latex\algorithmicx\algpseudocode.sty"
Package: algpseudocode 

("C:\Program Files (x86)\MiKTeX 2.9\tex\latex\algorithmicx\algorithmicx.sty"
Package: algorithmicx 2005/04/27 v1.2 Algorithmicx

Document Style algorithmicx 1.2 - a greatly improved `algorithmic' style
\c@ALG@line=\count94
\c@ALG@rem=\count95
\c@ALG@nested=\count96
\ALG@tlm=\skip51
\ALG@thistlm=\skip52
\c@ALG@Lnr=\count97
\c@ALG@blocknr=\count98
\c@ALG@storecount=\count99
\c@ALG@tmpcounter=\count100
\ALG@tmplength=\skip53
)
Document Style - pseudocode environments for use with the `algorithmicx' style
) ("C:\Program Files (x86)\MiKTeX 2.9\tex\latex\hyperref\hyperref.sty"
Package: hyperref 2012/11/06 v6.83m Hypertext links for LaTeX

("C:\Program Files (x86)\MiKTeX 2.9\tex\generic\oberdiek\hobsub-hyperref.sty"
Package: hobsub-hyperref 2012/04/25 v1.12 Bundle oberdiek, subset hyperref (HO)


("C:\Program Files (x86)\MiKTeX 2.9\tex\generic\oberdiek\hobsub-generic.sty"
Package: hobsub-generic 2012/04/25 v1.12 Bundle oberdiek, subset generic (HO)
Package: hobsub 2012/04/25 v1.12 Construct package bundles (HO)
Package hobsub Info: Skipping package `infwarerr' (already loaded).
Package hobsub Info: Skipping package `ltxcmds' (already loaded).
Package: ifluatex 2010/03/01 v1.3 Provides the ifluatex switch (HO)
Package ifluatex Info: LuaTeX not detected.
Package: ifvtex 2010/03/01 v1.5 Detect VTeX and its facilities (HO)
Package ifvtex Info: VTeX not detected.
Package: intcalc 2007/09/27 v1.1 Expandable calculations with integers (HO)
Package: ifpdf 2011/01/30 v2.3 Provides the ifpdf switch (HO)
Package ifpdf Info: pdfTeX in PDF mode is detected.
Package: etexcmds 2011/02/16 v1.5 Avoid name clashes with e-TeX commands (HO)
Package etexcmds Info: Could not find \expanded.
(etexcmds)             That can mean that you are not using pdfTeX 1.50 or
(etexcmds)             that some package has redefined \expanded.
(etexcmds)             In the latter case, load this package earlier.
Package: kvsetkeys 2012/04/25 v1.16 Key value parser (HO)
Package: kvdefinekeys 2011/04/07 v1.3 Define keys (HO)
Package: pdftexcmds 2011/11/29 v0.20 Utility functions of pdfTeX for LuaTeX (HO
)
Package pdftexcmds Info: LuaTeX not detected.
Package pdftexcmds Info: \pdf@primitive is available.
Package pdftexcmds Info: \pdf@ifprimitive is available.
Package pdftexcmds Info: \pdfdraftmode found.
Package: pdfescape 2011/11/25 v1.13 Implements pdfTeX's escape features (HO)
Package: bigintcalc 2012/04/08 v1.3 Expandable calculations on big integers (HO
)
Package: bitset 2011/01/30 v1.1 Handle bit-vector datatype (HO)
Package: uniquecounter 2011/01/30 v1.2 Provide unlimited unique counter (HO)
)
Package hobsub Info: Skipping package `hobsub' (already loaded).
Package: letltxmacro 2010/09/02 v1.4 Let assignment for LaTeX macros (HO)
Package: hopatch 2011/06/24 v1.1 Wrapper for package hooks (HO)
Package: xcolor-patch 2011/01/30 xcolor patch
Package: atveryend 2011/06/30 v1.8 Hooks at the very end of document (HO)
Package atveryend Info: \enddocument detected (standard20110627).
Package: atbegshi 2011/10/05 v1.16 At begin shipout hook (HO)
Package: refcount 2011/10/16 v3.4 Data extraction from label references (HO)
Package: hycolor 2011/01/30 v1.7 Color options for hyperref/bookmark (HO)
)
("C:\Program Files (x86)\MiKTeX 2.9\tex\generic\ifxetex\ifxetex.sty"
Package: ifxetex 2010/09/12 v0.6 Provides ifxetex conditional
)
("C:\Program Files (x86)\MiKTeX 2.9\tex\latex\oberdiek\auxhook.sty"
Package: auxhook 2011/03/04 v1.3 Hooks for auxiliary files (HO)
)
("C:\Program Files (x86)\MiKTeX 2.9\tex\latex\oberdiek\kvoptions.sty"
Package: kvoptions 2011/06/30 v3.11 Key value format for package options (HO)
)
\@linkdim=\dimen113
\Hy@linkcounter=\count101
\Hy@pagecounter=\count102

("C:\Program Files (x86)\MiKTeX 2.9\tex\latex\hyperref\pd1enc.def"
File: pd1enc.def 2012/11/06 v6.83m Hyperref: PDFDocEncoding definition (HO)
)
\Hy@SavedSpaceFactor=\count103

("C:\Program Files (x86)\MiKTeX 2.9\tex\latex\00miktex\hyperref.cfg"
File: hyperref.cfg 2002/06/06 v1.2 hyperref configuration of TeXLive
)
Package hyperref Info: Hyper figures OFF on input line 4443.
Package hyperref Info: Link nesting OFF on input line 4448.
Package hyperref Info: Hyper index ON on input line 4451.
Package hyperref Info: Plain pages OFF on input line 4458.
Package hyperref Info: Backreferencing OFF on input line 4463.
Package hyperref Info: Implicit mode ON; LaTeX internals redefined.
Package hyperref Info: Bookmarks ON on input line 4688.
\c@Hy@tempcnt=\count104

("C:\Program Files (x86)\MiKTeX 2.9\tex\latex\url\url.sty"
\Urlmuskip=\muskip10
Package: url 2013/09/16  ver 3.4  Verb mode for urls, etc.
)
LaTeX Info: Redefining \url on input line 5041.
\XeTeXLinkMargin=\dimen114
\Fld@menulength=\count105
\Field@Width=\dimen115
\Fld@charsize=\dimen116
Package hyperref Info: Hyper figures OFF on input line 6295.
Package hyperref Info: Link nesting OFF on input line 6300.
Package hyperref Info: Hyper index ON on input line 6303.
Package hyperref Info: backreferencing OFF on input line 6310.
Package hyperref Info: Link coloring OFF on input line 6315.
Package hyperref Info: Link coloring with OCG OFF on input line 6320.
Package hyperref Info: PDF/A mode OFF on input line 6325.
LaTeX Info: Redefining \ref on input line 6365.
LaTeX Info: Redefining \pageref on input line 6369.
\Hy@abspage=\count106
\c@Item=\count107
\c@Hfootnote=\count108
)

Package hyperref Message: Driver (autodetected): hpdftex.

("C:\Program Files (x86)\MiKTeX 2.9\tex\latex\hyperref\hpdftex.def"
File: hpdftex.def 2012/11/06 v6.83m Hyperref driver for pdfTeX
\Fld@listcount=\count109
\c@bookmark@seq@number=\count110

("C:\Program Files (x86)\MiKTeX 2.9\tex\latex\oberdiek\rerunfilecheck.sty"
Package: rerunfilecheck 2011/04/15 v1.7 Rerun checks for auxiliary files (HO)
Package uniquecounter Info: New unique counter `rerunfilecheck' on input line 2
82.
)
\Hy@SectionHShift=\skip54
)
Package hyperref Info: Option `colorlinks' set `true' on input line 25.

("C:\Users\safeeul\Google Drive\Thesis\FinalWritings\style_sheets\template.aux"

("C:\Users\safeeul\Google Drive\Thesis\FinalWritings\style_sheets\Introduction.
aux")
("C:\Users\safeeul\Google Drive\Thesis\FinalWritings\style_sheets\Background.au
x") ("C:\Users\safeeul\Google Drive\Thesis\FinalWritings\style_sheets\Method.au
x")
("C:\Users\safeeul\Google Drive\Thesis\FinalWritings\style_sheets\Results.aux"

LaTeX Warning: Label `section:overview' multiply defined.

)
("C:\Users\safeeul\Google Drive\Thesis\FinalWritings\style_sheets\Conclusion.au
x"

LaTeX Warning: Label `section:overview' multiply defined.

)
("C:\Users\safeeul\Google Drive\Thesis\FinalWritings\style_sheets\Appendicies.a
ux"

LaTeX Warning: Label `section:overview' multiply defined.

))
LaTeX Font Info:    Checking defaults for OML/cmm/m/it on input line 28.
LaTeX Font Info:    ... okay on input line 28.
LaTeX Font Info:    Checking defaults for T1/cmr/m/n on input line 28.
LaTeX Font Info:    ... okay on input line 28.
LaTeX Font Info:    Checking defaults for OT1/cmr/m/n on input line 28.
LaTeX Font Info:    ... okay on input line 28.
LaTeX Font Info:    Checking defaults for OMS/cmsy/m/n on input line 28.
LaTeX Font Info:    ... okay on input line 28.
LaTeX Font Info:    Checking defaults for OMX/cmex/m/n on input line 28.
LaTeX Font Info:    ... okay on input line 28.
LaTeX Font Info:    Checking defaults for U/cmr/m/n on input line 28.
LaTeX Font Info:    ... okay on input line 28.
LaTeX Font Info:    Checking defaults for PD1/pdf/m/n on input line 28.
LaTeX Font Info:    ... okay on input line 28.
 ("C:\Program Files (x86)\MiKTeX 2.9\tex\context\base\supp-pdf.mkii"
[Loading MPS to PDF converter (version 2006.09.02).]
\scratchcounter=\count111
\scratchdimen=\dimen117
\scratchbox=\box29
\nofMPsegments=\count112
\nofMParguments=\count113
\everyMPshowfont=\toks19
\MPscratchCnt=\count114
\MPscratchDim=\dimen118
\MPnumerator=\count115
\makeMPintoPDFobject=\count116
\everyMPtoPDFconversion=\toks20
)
Package caption Info: Begin \AtBeginDocument code.
Package caption Info: float package is loaded.
Package caption Info: hyperref package is loaded.
Package caption Info: End \AtBeginDocument code.
\AtBeginShipoutBox=\box30
 ("C:\Program Files (x86)\MiKTeX 2.9\tex\latex\graphics\color.sty"
Package: color 2005/11/14 v1.0j Standard LaTeX Color (DPC)

("C:\Program Files (x86)\MiKTeX 2.9\tex\latex\00miktex\color.cfg"
File: color.cfg 2007/01/18 v1.5 color configuration of teTeX/TeXLive
)
Package color Info: Driver file: pdftex.def on input line 130.
)
Package hyperref Info: Link coloring ON on input line 28.

("C:\Program Files (x86)\MiKTeX 2.9\tex\latex\hyperref\nameref.sty"
Package: nameref 2012/10/27 v2.43 Cross-referencing by name of section

("C:\Program Files (x86)\MiKTeX 2.9\tex\generic\oberdiek\gettitlestring.sty"
Package: gettitlestring 2010/12/03 v1.4 Cleanup title references (HO)
)
\c@section@level=\count117
)
LaTeX Info: Redefining \ref on input line 28.
LaTeX Info: Redefining \pageref on input line 28.
LaTeX Info: Redefining \nameref on input line 28.

("C:\Users\safeeul\Google Drive\Thesis\FinalWritings\style_sheets\template.out"
) ("C:\Users\safeeul\Google Drive\Thesis\FinalWritings\style_sheets\template.ou
t")
\@outlinefile=\write3
 [1


{C:/ProgramData/MiKTeX/2.9/pdftex/config/pdftex.map}] [2

]
LaTeX Font Info:    External font `cmex10' loaded for size
(Font)              <12> on input line 72.
LaTeX Font Info:    External font `cmex10' loaded for size
(Font)              <8> on input line 72.
LaTeX Font Info:    External font `cmex10' loaded for size
(Font)              <6> on input line 72.
LaTeX Font Info:    External font `cmex10' loaded for size
(Font)              <10.95> on input line 73.
 [3

] [4


]
("C:\Users\safeeul\Google Drive\Thesis\FinalWritings\style_sheets\template.toc"
[5


] [6])
\tf@toc=\write4
 [7]
("C:\Users\safeeul\Google Drive\Thesis\FinalWritings\style_sheets\template.lof"
)
\tf@lof=\write5

Underfull \vbox (badness 1087) has occurred while \output is active []

 [8

]
[9]
("C:\Users\safeeul\Google Drive\Thesis\FinalWritings\style_sheets\template.lot"
)
\tf@lot=\write6
 [10

]
("C:\Users\safeeul\Google Drive\Thesis\FinalWritings\style_sheets\template.loa"
)
\tf@loa=\write7
 [11

] [12

]
("C:\Users\safeeul\Google Drive\Thesis\FinalWritings\style_sheets\Introduction.
tex"
Chapter 1.
) [1



]
("C:\Users\safeeul\Google Drive\Thesis\FinalWritings\style_sheets\Background.te
x"
Chapter 2.
<../Images/DonutShape.png, id=270, 522.45187pt x 290.58563pt>
File: ../Images/DonutShape.png Graphic file (type png)

<use ../Images/DonutShape.png>
Package pdftex.def Info: ../Images/DonutShape.png used on input line 6.
(pdftex.def)             Requested size: 430.0pt x 239.16855pt.

Underfull \vbox (badness 10000) has occurred while \output is active []

 [2



]
Missing character: There is no ‚ in font cmr12!
Missing character: There is no Ä in font cmr12!
Missing character: There is no ô in font cmr12!

Underfull \vbox (badness 10000) has occurred while \output is active []

 [3 <C:/Users/safeeul/Google Drive/Thesis/FinalWritings/Images/DonutShape.png>]
Missing character: There is no ‚ in font cmr12!
Missing character: There is no Ä in font cmr12!
Missing character: There is no ô in font cmr12!
Missing character: There is no ‚ in font cmr12!
Missing character: There is no Ä in font cmr12!
Missing character: There is no ú in font cmr12!
Missing character: There is no ‚ in font cmr12!
Missing character: There is no Ä in font cmr12!
Missing character: There is no ù in font cmr12!
 [4]
[5]
Missing character: There is no ‚ in font cmr12!
Missing character: There is no Ä in font cmr12!
Missing character: There is no ô in font cmr12!
 [6] [7]
Package hyperref Info: bookmark level for unknown algorithm defaults to 0 on in
put line 72.

Underfull \hbox (badness 10000) in paragraph at lines 62--75

 []

Missing character: There is no ‚ in font cmr12!
Missing character: There is no Ä in font cmr12!
Missing character: There is no ô in font cmr12!
Missing character: There is no ‚ in font cmr12!
Missing character: There is no Ä in font cmr12!
Missing character: There is no ô in font cmr12!
) [8] [9]
("C:\Users\safeeul\Google Drive\Thesis\FinalWritings\style_sheets\Method.tex"
Chapter 3.
<../Images/Method.png, id=304, 651.43375pt x 249.93375pt>
File: ../Images/Method.png Graphic file (type png)

<use ../Images/Method.png>
Package pdftex.def Info: ../Images/Method.png used on input line 3.
(pdftex.def)             Requested size: 430.0pt x 164.97966pt.

<../Images/ArGOS.jpg, id=306, 627.34375pt x 650.43pt>
File: ../Images/ArGOS.jpg Graphic file (type jpg)

<use ../Images/ArGOS.jpg>
Package pdftex.def Info: ../Images/ArGOS.jpg used on input line 23.
(pdftex.def)             Requested size: 430.0pt x 445.8396pt.
 [10



 <C:/Users/safeeul/Google Drive/Thesis/FinalWritings/Images/Method.png>]

LaTeX Warning: `!h' float specifier changed to `!ht'.

[11]
Underfull \vbox (badness 10000) has occurred while \output is active []

 [12 <C:/Users/safeeul/Google Drive/Thesis/FinalWritings/Images/ArGOS.jpg>]
Underfull \hbox (badness 10000) in paragraph at lines 42--42
[]\OT1/cmr/bx/n/12 Pheromone
 []


Underfull \hbox (badness 10000) in paragraph at lines 42--42
[]\OT1/cmr/bx/n/12 Sitefidelity
 []


Underfull \hbox (badness 10000) in paragraph at lines 44--44
[]\OT1/cmr/m/n/12 Probability of
 []


Underfull \hbox (badness 10000) in paragraph at lines 44--44
\OT1/cmr/m/n/12 Switch-ing to
 []


Underfull \hbox (badness 10000) in paragraph at lines 48--48
[]\OT1/cmr/m/n/12 Uniform Search
 []


Underfull \hbox (badness 1546) in paragraph at lines 52--52
[]\OT1/cmr/m/n/12 Rate of Site Fi-
 []


Underfull \hbox (badness 10000) in paragraph at lines 54--54
[]\OT1/cmr/m/n/12 Rate of Lay-ing
 []


Underfull \hbox (badness 10000) in paragraph at lines 56--56
[]\OT1/cmr/m/n/12 Rate of
 []

[13]
Underfull \vbox (badness 10000) has occurred while \output is active []

 [14]
[15] <../Images/TimeLine.jpg, id=339, 649.42625pt x 168.63pt>
File: ../Images/TimeLine.jpg Graphic file (type jpg)

<use ../Images/TimeLine.jpg>
Package pdftex.def Info: ../Images/TimeLine.jpg used on input line 68.
(pdftex.def)             Requested size: 430.0pt x 111.65636pt.

<../Images/ChangeInForagingRate.jpg, id=340, 659.46375pt x 375.4025pt>
File: ../Images/ChangeInForagingRate.jpg Graphic file (type jpg)

<use ../Images/ChangeInForagingRate.jpg>
Package pdftex.def Info: ../Images/ChangeInForagingRate.jpg used on input line 
74.
(pdftex.def)             Requested size: 430.0pt x 244.78777pt.
 [16 <C:/Users/safeeul/Google Drive/Thesis/FinalWritings/Images/TimeLine.jpg>]
Underfull \vbox (badness 10000) has occurred while \output is active []

 [17 <C:/Users/safeeul/Google Drive/Thesis/FinalWritings/Images/ChangeInForagin
gRate.jpg>] <../Images/CumulativeSum.jpg, id=349, 653.44125pt x 337.26pt>
File: ../Images/CumulativeSum.jpg Graphic file (type jpg)

<use ../Images/CumulativeSum.jpg>
Package pdftex.def Info: ../Images/CumulativeSum.jpg used on input line 82.
(pdftex.def)             Requested size: 430.0pt x 221.93356pt.

Underfull \vbox (badness 1910) has occurred while \output is active []

 [18 <C:/Users/safeeul/Google Drive/Thesis/FinalWritings/Images/CumulativeSum.j
pg>]
<../Images/linearDetrending.jpg, id=354, 1371.1225pt x 653.44125pt>
File: ../Images/linearDetrending.jpg Graphic file (type jpg)

<use ../Images/linearDetrending.jpg>
Package pdftex.def Info: ../Images/linearDetrending.jpg used on input line 103.

(pdftex.def)             Requested size: 430.0pt x 204.92775pt.

<../Images/constantDetrending.jpg, id=355, 1371.1225pt x 653.44125pt>
File: ../Images/constantDetrending.jpg Graphic file (type jpg)

<use ../Images/constantDetrending.jpg>
Package pdftex.def Info: ../Images/constantDetrending.jpg used on input line 11
0.
(pdftex.def)             Requested size: 430.0pt x 204.92775pt.
 [19]
Missing character: There is no Ô in font cmr12!
Missing character: There is no ¨ in font cmr12!
Missing character: There is no Å in font cmr12!
Missing character: There is no œ in font cmr12!
Missing character: There is no Ñ in font cmr12!
 [20 <C:/Users/safeeul/Google Drive/Thesis/FinalWritings/Images/linearDetrendin
g.jpg> <C:/Users/safeeul/Google Drive/Thesis/FinalWritings/Images/constantDetre
nding.jpg>]) [21]
("C:\Users\safeeul\Google Drive\Thesis\FinalWritings\style_sheets\Results.tex"
Chapter 4.
) [22



]
("C:\Users\safeeul\Google Drive\Thesis\FinalWritings\style_sheets\Conclusion.te
x"
Chapter 5.
) [23



]
("C:\Users\safeeul\Google Drive\Thesis\FinalWritings\style_sheets\Appendicies.t
ex"
Chapter 6.
) [24



]
Package atveryend Info: Empty hook `BeforeClearDocument' on input line 111.
Package atveryend Info: Empty hook `AfterLastShipout' on input line 111.

("C:\Users\safeeul\Google Drive\Thesis\FinalWritings\style_sheets\template.aux"

("C:\Users\safeeul\Google Drive\Thesis\FinalWritings\style_sheets\Introduction.
aux")
("C:\Users\safeeul\Google Drive\Thesis\FinalWritings\style_sheets\Background.au
x") ("C:\Users\safeeul\Google Drive\Thesis\FinalWritings\style_sheets\Method.au
x")
("C:\Users\safeeul\Google Drive\Thesis\FinalWritings\style_sheets\Results.aux")

("C:\Users\safeeul\Google Drive\Thesis\FinalWritings\style_sheets\Conclusion.au
x")
("C:\Users\safeeul\Google Drive\Thesis\FinalWritings\style_sheets\Appendicies.a
ux"))
Package atveryend Info: Executing hook `AtVeryEndDocument' on input line 111.
Package atveryend Info: Executing hook `AtEndAfterFileList' on input line 111.
Package rerunfilecheck Info: File `template.out' has not changed.
(rerunfilecheck)             Checksum: 9974BD54B401A24A8E795CFA1443F302;1984.


LaTeX Warning: There were multiply-defined labels.

Package atveryend Info: Empty hook `AtVeryVeryEnd' on input line 111.
 )
(\end occurred inside a group at level 3)

### simple group (level 3) entered at line 51 ({)
### simple group (level 2) entered at line 49 ({)
### simple group (level 1) entered at line 47 ({)
### bottom level 
Here is how much of TeX's memory you used:
 7001 strings out of 493921
 110776 string characters out of 3144869
 197096 words of memory out of 3000000
 10103 multiletter control sequences out of 15000+200000
 11511 words of font info for 40 fonts, out of 3000000 for 9000
 841 hyphenation exceptions out of 8191
 36i,11n,39p,1806b,625s stack positions out of 5000i,500n,10000p,200000b,50000s
<C:/Program Files (x86)/MiKTeX 2.9/fonts/type1/public/amsfonts/
cm/cmbx12.pfb><C:/Program Files (x86)/MiKTeX 2.9/fonts/type1/public/amsfonts/cm
/cmbx8.pfb><C:/Program Files (x86)/MiKTeX 2.9/fonts/type1/public/amsfonts/cm/cm
mi12.pfb><C:/Program Files (x86)/MiKTeX 2.9/fonts/type1/public/amsfonts/cm/cmmi
8.pfb><C:/Program Files (x86)/MiKTeX 2.9/fonts/type1/public/amsfonts/cm/cmr10.p
fb><C:/Program Files (x86)/MiKTeX 2.9/fonts/type1/public/amsfonts/cm/cmr12.pfb>
<C:/Program Files (x86)/MiKTeX 2.9/fonts/type1/public/amsfonts/cm/cmr8.pfb><C:/
Program Files (x86)/MiKTeX 2.9/fonts/type1/public/amsfonts/cm/cmsl12.pfb><C:/Pr
ogram Files (x86)/MiKTeX 2.9/fonts/type1/public/amsfonts/cm/cmsy10.pfb><C:/Prog
ram Files (x86)/MiKTeX 2.9/fonts/type1/public/amsfonts/cm/cmti12.pfb><C:/Progra
m Files (x86)/MiKTeX 2.9/fonts/type1/public/amsfonts/cm/cmtt12.pfb>
Output written on template.pdf (36 pages, 879830 bytes).
PDF statistics:
 438 PDF objects out of 1000 (max. 8388607)
 88 named destinations out of 1000 (max. 500000)
 297 words of extra memory for PDF output out of 10000 (max. 10000000)
